<?xml version="1.0" encoding="UTF-8"?>
<!-- Generated by org.testng.reporters.JUnitReportReporter -->
<testsuite hostname="LAPTOP-EKOVSLBP" name="com.sapience.automation.suites.NotificationPageTESTS" tests="1" failures="0" timestamp="20 Nov 2020 09:33:32 GMT" time="6.755" errors="0">
  <testcase name="verify_google" time="6.755" classname="com.sapience.automation.suites.NotificationPageTESTS"/>
</testsuite> <!-- com.sapience.automation.suites.NotificationPageTESTS -->
